601166,20140125,20201128
601818,20140125,20201128
000001,20140125,20201128
601838,20140125,20201128
002142,20140125,20201128
601939,20140125,20201128
600000,20140125,20201128
601997,20140125,20201128
600036,20140125,20201128
002839,20140125,20201128
601577,20140125,20201128
601998,20140125,20201128
601398,20140125,20201128
601009,20140125,20201128
002936,20140125,20201128
601658,20140125,20201128
600015,20140125,20201128
601916,20140125,20201128
600908,20140125,20201128
002948,20140125,20201128
600016,20140125,20201128
601187,20140125,20201128
601328,20140125,20201128
601169,20140125,20201128
603323,20140125,20201128
600926,20140125,20201128
601229,20140125,20201128
601988,20140125,20201128
601288,20140125,20201128
002807,20140125,20201128
601077,20140125,20201128
600928,20140125,20201128
601860,20140125,20201128
600919,20140125,20201128
002958,20140125,20201128
002966,20140125,20201128
601128,20140125,20201128
